<?xml version="1.0" encoding="UTF-8"?>
<!-- Generated by org.testng.reporters.JUnitXMLReporter -->
<testsuite ignored="0" hostname="DESKTOP-IP80BGQ" failures="0" tests="5" name="HubSpot Test" time="17.008" errors="0" timestamp="2022-05-13T12:59:30 IST">
  <testcase classname="com.Test.LoginTest" name="signUpLinkTest" time="0.123"/>
  <testcase classname="com.Test.LoginTest" name="loginTitleTest" time="0.019"/>
  <testcase classname="com.Test.LoginTest" name="signInTest" time="1.798"/>
  <testcase classname="com.Test.SignUpTest" name="verifyCreateFreeAccountTest" time="3.151"/>
  <testcase classname="com.Test.SignUpTest" name="privacyPolicyLinkTest" time="0.252"/>
</testsuite> <!-- HubSpot Test -->
