<?xml version="1.0" encoding="UTF-8"?>
<!-- Generated by org.testng.reporters.JUnitXMLReporter -->
<testsuite ignored="0" hostname="DESKTOP-IP80BGQ" failures="0" tests="3" name="Login Test" time="67.747" errors="0" timestamp="2022-05-14T08:57:44 IST">
  <testcase classname="com.Test.LoginTest" name="signUpLinkTest" time="0.118"/>
  <testcase classname="com.Test.LoginTest" name="loginTitleTest" time="0.011"/>
  <testcase classname="com.Test.LoginTest" name="signInTest" time="4.013"/>
</testsuite> <!-- Login Test -->
