<?xml version="1.0" encoding="UTF-8"?>
<!-- Generated by org.testng.reporters.JUnitXMLReporter -->
<testsuite ignored="0" hostname="DESKTOP-IP80BGQ" failures="0" tests="3" name="Default test" time="17.103" errors="0" timestamp="2022-05-11T12:07:48 IST">
  <testcase classname="PaidTestNGCourse_2022.LoginPageTest" name="signUpLinkTest" time="0.069"/>
  <testcase classname="PaidTestNGCourse_2022.LoginPageTest" name="loginTitleTest" time="0.014"/>
  <testcase classname="PaidTestNGCourse_2022.LoginPageTest" name="signInTest" time="1.289"/>
</testsuite> <!-- Default test -->
