<?xml version="1.0" encoding="UTF-8"?>
<!-- Generated by org.testng.reporters.JUnitXMLReporter -->
<testsuite ignored="0" hostname="DESKTOP-IP80BGQ" failures="0" tests="15" name="My Testng Practice Sanity Test" time="0.107" errors="0" timestamp="2022-05-12T12:27:17 IST">
  <testcase classname="PaidTestNGCourse_2022.InvocationCountConcept" name="createUser" time="0.007"/>
  <testcase classname="PaidTestNGCourse_2022.InvocationCountConcept" name="createUser" time="0.001"/>
  <testcase classname="PaidTestNGCourse_2022.InvocationCountConcept" name="createUser" time="0.002"/>
  <testcase classname="PaidTestNGCourse_2022.InvocationCountConcept" name="createUser" time="0.001"/>
  <testcase classname="PaidTestNGCourse_2022.InvocationCountConcept" name="createUser" time="0.0"/>
  <testcase classname="PaidTestNGCourse_2022.InvocationCountConcept" name="createUser" time="0.001"/>
  <testcase classname="PaidTestNGCourse_2022.InvocationCountConcept" name="createUser" time="0.001"/>
  <testcase classname="PaidTestNGCourse_2022.InvocationCountConcept" name="createUser" time="0.001"/>
  <testcase classname="PaidTestNGCourse_2022.InvocationCountConcept" name="createUser" time="0.001"/>
  <testcase classname="PaidTestNGCourse_2022.InvocationCountConcept" name="createUser" time="0.001"/>
  <testcase classname="PaidTestNGCourse_2022.PriorityTest" name="test2" time="0.001"/>
  <testcase classname="PaidTestNGCourse_2022.PriorityTest" name="test3" time="0.002"/>
  <testcase classname="PaidTestNGCourse_2022.PriorityTest" name="test1" time="0.002"/>
  <testcase classname="PaidTestNGCourse_2022.PriorityTest" name="test4" time="0.001"/>
  <testcase classname="PaidTestNGCourse_2022.PriorityTest" name="test5" time="0.002"/>
</testsuite> <!-- My Testng Practice Sanity Test -->
