<?xml version="1.0" encoding="UTF-8"?>
<testng-results ignored="0" total="3" passed="3" failed="0" skipped="0">
  <reporter-output>
  </reporter-output>
  <suite started-at="2022-05-11T12:07:31 IST" name="Default suite" finished-at="2022-05-11T12:07:48 IST" duration-ms="17103">
    <groups>
    </groups>
    <test started-at="2022-05-11T12:07:31 IST" name="Default test" finished-at="2022-05-11T12:07:48 IST" duration-ms="17103">
      <class name="PaidTestNGCourse_2022.LoginPageTest">
        <test-method is-config="true" signature="setUp()[pri:0, instance:PaidTestNGCourse_2022.LoginPageTest@7db12bb6]" started-at="2022-05-11T12:07:31 IST" name="setUp" finished-at="2022-05-11T12:07:37 IST" duration-ms="6148" status="PASS">
          <reporter-output>
          </reporter-output>
        </test-method> <!-- setUp -->
        <test-method signature="signUpLinkTest()[pri:1, instance:PaidTestNGCourse_2022.LoginPageTest@7db12bb6]" started-at="2022-05-11T12:07:37 IST" name="signUpLinkTest" finished-at="2022-05-11T12:07:37 IST" duration-ms="69" status="PASS">
          <reporter-output>
          </reporter-output>
        </test-method> <!-- signUpLinkTest -->
        <test-method is-config="true" signature="tearDown()[pri:0, instance:PaidTestNGCourse_2022.LoginPageTest@7db12bb6]" started-at="2022-05-11T12:07:37 IST" name="tearDown" finished-at="2022-05-11T12:07:38 IST" duration-ms="235" status="PASS">
          <reporter-output>
          </reporter-output>
        </test-method> <!-- tearDown -->
        <test-method is-config="true" signature="setUp()[pri:0, instance:PaidTestNGCourse_2022.LoginPageTest@7db12bb6]" started-at="2022-05-11T12:07:38 IST" name="setUp" finished-at="2022-05-11T12:07:42 IST" duration-ms="4381" status="PASS">
          <reporter-output>
          </reporter-output>
        </test-method> <!-- setUp -->
        <test-method signature="loginTitleTest()[pri:2, instance:PaidTestNGCourse_2022.LoginPageTest@7db12bb6]" started-at="2022-05-11T12:07:42 IST" name="loginTitleTest" finished-at="2022-05-11T12:07:42 IST" duration-ms="14" status="PASS">
          <reporter-output>
          </reporter-output>
        </test-method> <!-- loginTitleTest -->
        <test-method is-config="true" signature="tearDown()[pri:0, instance:PaidTestNGCourse_2022.LoginPageTest@7db12bb6]" started-at="2022-05-11T12:07:42 IST" name="tearDown" finished-at="2022-05-11T12:07:42 IST" duration-ms="341" status="PASS">
          <reporter-output>
          </reporter-output>
        </test-method> <!-- tearDown -->
        <test-method is-config="true" signature="setUp()[pri:0, instance:PaidTestNGCourse_2022.LoginPageTest@7db12bb6]" started-at="2022-05-11T12:07:42 IST" name="setUp" finished-at="2022-05-11T12:07:47 IST" duration-ms="4319" status="PASS">
          <reporter-output>
          </reporter-output>
        </test-method> <!-- setUp -->
        <test-method signature="signInTest()[pri:3, instance:PaidTestNGCourse_2022.LoginPageTest@7db12bb6]" started-at="2022-05-11T12:07:47 IST" name="signInTest" finished-at="2022-05-11T12:07:48 IST" duration-ms="1289" status="PASS">
          <reporter-output>
          </reporter-output>
        </test-method> <!-- signInTest -->
        <test-method is-config="true" signature="tearDown()[pri:0, instance:PaidTestNGCourse_2022.LoginPageTest@7db12bb6]" started-at="2022-05-11T12:07:48 IST" name="tearDown" finished-at="2022-05-11T12:07:48 IST" duration-ms="246" status="PASS">
          <reporter-output>
          </reporter-output>
        </test-method> <!-- tearDown -->
      </class> <!-- PaidTestNGCourse_2022.LoginPageTest -->
    </test> <!-- Default test -->
  </suite> <!-- Default suite -->
</testng-results>
